{"/Users/nileshchakraborty/workspace/flash-card-study-helper-ai/src/core/services/CacheService.ts": {"path":"/Users/nileshchakraborty/workspace/flash-card-study-helper-ai/src/core/services/CacheService.ts","statementMap":{"0":{"start":{"line":13,"column":8},"end":{"line":18,"column":11}},"1":{"start":{"line":22,"column":22},"end":{"line":22,"column":41}},"2":{"start":{"line":23,"column":8},"end":{"line":27,"column":9}},"3":{"start":{"line":24,"column":12},"end":{"line":24,"column":51}},"4":{"start":{"line":26,"column":12},"end":{"line":26,"column":53}},"5":{"start":{"line":28,"column":8},"end":{"line":28,"column":21}},"6":{"start":{"line":32,"column":8},"end":{"line":32,"column":35}},"7":{"start":{"line":33,"column":8},"end":{"line":33,"column":41}},"8":{"start":{"line":37,"column":8},"end":{"line":37,"column":35}},"9":{"start":{"line":41,"column":8},"end":{"line":41,"column":27}},"10":{"start":{"line":42,"column":8},"end":{"line":42,"column":42}},"11":{"start":{"line":46,"column":8},"end":{"line":46,"column":31}},"12":{"start":{"line":47,"column":8},"end":{"line":47,"column":55}},"13":{"start":{"line":54,"column":24},"end":{"line":56,"column":19}},"14":{"start":{"line":55,"column":12},"end":{"line":55,"column":65}},"15":{"start":{"line":58,"column":8},"end":{"line":58,"column":90}}},"fnMap":{"0":{"name":"(anonymous_0)","decl":{"start":{"line":12,"column":4},"end":{"line":12,"column":16}},"loc":{"start":{"line":12,"column":37},"end":{"line":19,"column":5}}},"1":{"name":"(anonymous_1)","decl":{"start":{"line":21,"column":4},"end":{"line":21,"column":7}},"loc":{"start":{"line":21,"column":19},"end":{"line":29,"column":5}}},"2":{"name":"(anonymous_2)","decl":{"start":{"line":31,"column":4},"end":{"line":31,"column":7}},"loc":{"start":{"line":31,"column":29},"end":{"line":34,"column":5}}},"3":{"name":"(anonymous_3)","decl":{"start":{"line":36,"column":4},"end":{"line":36,"column":7}},"loc":{"start":{"line":36,"column":19},"end":{"line":38,"column":5}}},"4":{"name":"(anonymous_4)","decl":{"start":{"line":40,"column":4},"end":{"line":40,"column":9}},"loc":{"start":{"line":40,"column":9},"end":{"line":43,"column":5}}},"5":{"name":"(anonymous_5)","decl":{"start":{"line":45,"column":4},"end":{"line":45,"column":10}},"loc":{"start":{"line":45,"column":22},"end":{"line":48,"column":5}}},"6":{"name":"(anonymous_6)","decl":{"start":{"line":53,"column":4},"end":{"line":53,"column":10}},"loc":{"start":{"line":53,"column":34},"end":{"line":59,"column":5}}},"7":{"name":"(anonymous_7)","decl":{"start":{"line":54,"column":34},"end":{"line":54,"column":35}},"loc":{"start":{"line":55,"column":12},"end":{"line":55,"column":65}}}},"branchMap":{"0":{"loc":{"start":{"line":23,"column":8},"end":{"line":27,"column":9}},"type":"if","locations":[{"start":{"line":23,"column":8},"end":{"line":27,"column":9}},{"start":{"line":25,"column":15},"end":{"line":27,"column":9}}]},"1":{"loc":{"start":{"line":55,"column":12},"end":{"line":55,"column":65}},"type":"cond-expr","locations":[{"start":{"line":55,"column":36},"end":{"line":55,"column":53}},{"start":{"line":55,"column":56},"end":{"line":55,"column":65}}]}},"s":{"0":1,"1":2,"2":2,"3":1,"4":1,"5":2,"6":2,"7":2,"8":2,"9":4,"10":4,"11":1,"12":1,"13":2,"14":4,"15":2},"f":{"0":1,"1":2,"2":2,"3":2,"4":4,"5":1,"6":2,"7":4},"b":{"0":[1,1],"1":[2,2]}}
}
