TN:
SF:src/core/services/CacheService.ts
FN:12,(anonymous_0)
FN:21,(anonymous_1)
FN:31,(anonymous_2)
FN:36,(anonymous_3)
FN:40,(anonymous_4)
FN:45,(anonymous_5)
FN:53,(anonymous_6)
FN:54,(anonymous_7)
FNF:8
FNH:8
FNDA:1,(anonymous_0)
FNDA:2,(anonymous_1)
FNDA:2,(anonymous_2)
FNDA:2,(anonymous_3)
FNDA:4,(anonymous_4)
FNDA:1,(anonymous_5)
FNDA:3,(anonymous_6)
FNDA:5,(anonymous_7)
DA:13,1
DA:22,2
DA:23,2
DA:24,1
DA:26,1
DA:28,2
DA:32,2
DA:33,2
DA:37,2
DA:41,4
DA:42,4
DA:46,1
DA:47,1
DA:54,3
DA:55,5
DA:58,3
LF:16
LH:16
BRDA:23,0,0,1
BRDA:23,0,1,1
BRDA:55,1,0,2
BRDA:55,1,1,3
BRF:4
BRH:4
end_of_record
